 -------------------------------------------------------------------------------
  FECHA Y HORA INICIO SIMULACION: 27/10/2025    09:21:28
  TITULOS:
                                                                                                                                                                                          lICENCIA: DEMO
 V 3.05                         305
 Título                                                                          
 [CodElemento]            
 Lectura codigos enlace a Base de datos
 Escenario                                                                       
  FECHA Y HORA FIN SIMULACION: 27/10/2025    09:21:28
 -------------------------------------------------------------------------------
  FECHA Y HORA INICIO SIMULACION: 27/10/2025    10:14:22
  TITULOS:
                                                                                                                                                                                          lICENCIA: DEMO
 V 3.05                         305
 Título                                                                          
 [CodElemento]            
 Lectura codigos enlace a Base de datos
 Escenario                                                                       
  FECHA Y HORA FIN SIMULACION: 27/10/2025    10:14:23
